current directory: /Users/sushilmohan/Documents/freewebsitevoice.github.io/gems/json-2.10.2/ext/json/ext/parser
/Users/sushilmohan/.rbenv/versions/2.7.2/bin/ruby -I /Users/sushilmohan/.rbenv/versions/2.7.2/lib/ruby/2.7.0 -r ./siteconf20250428-73486-138y023.rb extconf.rb
checking for rb_enc_interned_str() in ruby.h... no
checking for rb_hash_new_capa() in ruby.h... no
checking for rb_hash_bulk_insert() in ruby.h... yes
checking for rb_category_warn() in ruby.h... no
checking for strnlen() in string.h... yes
checking for whether -std=c99 is accepted as CFLAGS... yes
creating Makefile

current directory: /Users/sushilmohan/Documents/freewebsitevoice.github.io/gems/json-2.10.2/ext/json/ext/parser
make "DESTDIR=" clean

current directory: /Users/sushilmohan/Documents/freewebsitevoice.github.io/gems/json-2.10.2/ext/json/ext/parser
make "DESTDIR="
compiling parser.c
parser.c:358:1: warning: function 'raise_parse_error' could be declared with attribute 'noreturn' [-Wmissing-noreturn]
  358 | {
      | ^
parser.c:1167:1: warning: non-void function does not return a value in all control paths [-Wreturn-type]
 1167 | }
      | ^
2 warnings generated.
linking shared-object json/ext/parser.bundle

current directory: /Users/sushilmohan/Documents/freewebsitevoice.github.io/gems/json-2.10.2/ext/json/ext/parser
make "DESTDIR=" install
/opt/homebrew/bin/ginstall -c -m 0755 parser.bundle ./.gem.20250428-73486-9uc803/json/ext
